Command line invocation:
    /Applications/Xcode.app/Contents/Developer/usr/bin/xcodebuild build -workspace /Users/rjs/dev/BedtimeBully/BedtimeBully.xcworkspace -scheme BedtimeBully -destination id=70C0DD74-D29D-4B59-8C35-AD45097BDDA5 -parallelizeTargets

User defaults from command line:
    IDEPackageSupportUseBuiltinSCM = YES

--- xcodebuild: WARNING: Using the first of multiple matching destinations:
{ platform:iOS Simulator, id:70C0DD74-D29D-4B59-8C35-AD45097BDDA5, OS:17.4, name:iPhone 15 Pro Max }
{ platform:iOS Simulator, id:70C0DD74-D29D-4B59-8C35-AD45097BDDA5, OS:17.4, name:iPhone 15 Pro Max }
Prepare packages

ComputeTargetDependencyGraph
note: Building targets in dependency order
note: Target dependency graph (3 targets)
    Target 'BedtimeBully' in project 'BedtimeBully'
        ➜ Explicit dependency on target 'BedtimeBullyData' in project 'BedtimeBully'
        ➜ Explicit dependency on target 'Notifications' in project 'BedtimeBully'
    Target 'BedtimeBullyData' in project 'BedtimeBully'
        ➜ Explicit dependency on target 'Notifications' in project 'BedtimeBully'
    Target 'Notifications' in project 'BedtimeBully' (no dependencies)

GatherProvisioningInputs

CreateBuildDescription

ExecuteExternalTool /Applications/Xcode.app/Contents/Developer/Toolchains/XcodeDefault.xctoolchain/usr/bin/clang -v -E -dM -arch arm64 -isysroot /Applications/Xcode.app/Contents/Developer/Platforms/iPhoneSimulator.platform/Developer/SDKs/iPhoneSimulator17.5.sdk -x c -c /dev/null

ExecuteExternalTool /Applications/Xcode.app/Contents/Developer/usr/bin/actool --print-asset-tag-combinations --output-format xml1 /Users/rjs/dev/BedtimeBully/BedtimeBully/Resources/Assets.xcassets /Users/rjs/dev/BedtimeBully/BedtimeBully/Resources/Preview Content/Preview Assets.xcassets

ExecuteExternalTool /Applications/Xcode.app/Contents/Developer/usr/bin/ibtool --version --output-format xml1

ExecuteExternalTool /Applications/Xcode.app/Contents/Developer/Toolchains/XcodeDefault.xctoolchain/usr/bin/clang -v -E -dM -isysroot /Applications/Xcode.app/Contents/Developer/Platforms/iPhoneSimulator.platform/Developer/SDKs/iPhoneSimulator17.5.sdk -x c -c /dev/null

ExecuteExternalTool /Applications/Xcode.app/Contents/Developer/usr/bin/actool --version --output-format xml1

ExecuteExternalTool /Applications/Xcode.app/Contents/Developer/Toolchains/XcodeDefault.xctoolchain/usr/bin/swiftc -v

ExecuteExternalTool /Applications/Xcode.app/Contents/Developer/Toolchains/XcodeDefault.xctoolchain/usr/bin/ld -version_details

Build description signature: ea3e9643b36d5b5ab647ecdb20e4d24d
Build description path: /Users/rjs/Library/Developer/Xcode/DerivedData/BedtimeBully-bdqkcvqpqzvlbfarpkjaseieihxp/Build/Intermediates.noindex/XCBuildData/ea3e9643b36d5b5ab647ecdb20e4d24d.xcbuilddata
ClangStatCache /Applications/Xcode.app/Contents/Developer/Toolchains/XcodeDefault.xctoolchain/usr/bin/clang-stat-cache /Applications/Xcode.app/Contents/Developer/Platforms/iPhoneSimulator.platform/Developer/SDKs/iPhoneSimulator17.5.sdk /Users/rjs/Library/Developer/Xcode/DerivedData/SDKStatCaches.noindex/iphonesimulator17.5-21F77-c098706a9f71eba4e76ae92ab367209a.sdkstatcache
    cd /Users/rjs/dev/BedtimeBully
    /Applications/Xcode.app/Contents/Developer/Toolchains/XcodeDefault.xctoolchain/usr/bin/clang-stat-cache /Applications/Xcode.app/Contents/Developer/Platforms/iPhoneSimulator.platform/Developer/SDKs/iPhoneSimulator17.5.sdk -o /Users/rjs/Library/Developer/Xcode/DerivedData/SDKStatCaches.noindex/iphonesimulator17.5-21F77-c098706a9f71eba4e76ae92ab367209a.sdkstatcache

ProcessInfoPlistFile /Users/rjs/Library/Developer/Xcode/DerivedData/BedtimeBully-bdqkcvqpqzvlbfarpkjaseieihxp/Build/Products/Debug-iphonesimulator/Notifications.framework/Info.plist /Users/rjs/dev/BedtimeBully/Derived/InfoPlists/Notifications-Info.plist (in target 'Notifications' from project 'BedtimeBully')
    cd /Users/rjs/dev/BedtimeBully
    builtin-infoPlistUtility /Users/rjs/dev/BedtimeBully/Derived/InfoPlists/Notifications-Info.plist -producttype com.apple.product-type.framework -expandbuildsettings -format binary -platform iphonesimulator -o /Users/rjs/Library/Developer/Xcode/DerivedData/BedtimeBully-bdqkcvqpqzvlbfarpkjaseieihxp/Build/Products/Debug-iphonesimulator/Notifications.framework/Info.plist

ProcessInfoPlistFile /Users/rjs/Library/Developer/Xcode/DerivedData/BedtimeBully-bdqkcvqpqzvlbfarpkjaseieihxp/Build/Products/Debug-iphonesimulator/BedtimeBullyData.framework/Info.plist /Users/rjs/dev/BedtimeBully/Derived/InfoPlists/BedtimeBullyData-Info.plist (in target 'BedtimeBullyData' from project 'BedtimeBully')
    cd /Users/rjs/dev/BedtimeBully
    builtin-infoPlistUtility /Users/rjs/dev/BedtimeBully/Derived/InfoPlists/BedtimeBullyData-Info.plist -producttype com.apple.product-type.framework -expandbuildsettings -format binary -platform iphonesimulator -o /Users/rjs/Library/Developer/Xcode/DerivedData/BedtimeBully-bdqkcvqpqzvlbfarpkjaseieihxp/Build/Products/Debug-iphonesimulator/BedtimeBullyData.framework/Info.plist

ProcessProductPackaging "" /Users/rjs/Library/Developer/Xcode/DerivedData/BedtimeBully-bdqkcvqpqzvlbfarpkjaseieihxp/Build/Intermediates.noindex/BedtimeBully.build/Debug-iphonesimulator/BedtimeBully.build/BedtimeBully.app.xcent (in target 'BedtimeBully' from project 'BedtimeBully')
    cd /Users/rjs/dev/BedtimeBully
    
    Entitlements:
    
    {
    "com.apple.security.get-task-allow" = 1;
}
    
    builtin-productPackagingUtility -entitlements -format xml -o /Users/rjs/Library/Developer/Xcode/DerivedData/BedtimeBully-bdqkcvqpqzvlbfarpkjaseieihxp/Build/Intermediates.noindex/BedtimeBully.build/Debug-iphonesimulator/BedtimeBully.build/BedtimeBully.app.xcent

ProcessProductPackaging "" /Users/rjs/Library/Developer/Xcode/DerivedData/BedtimeBully-bdqkcvqpqzvlbfarpkjaseieihxp/Build/Intermediates.noindex/BedtimeBully.build/Debug-iphonesimulator/BedtimeBully.build/BedtimeBully.app-Simulated.xcent (in target 'BedtimeBully' from project 'BedtimeBully')
    cd /Users/rjs/dev/BedtimeBully
    
    Entitlements:
    
    {
    "application-identifier" = "4QGR522B9M.rjs.app.dev.BedtimeBully";
}
    
    builtin-productPackagingUtility -entitlements -format xml -o /Users/rjs/Library/Developer/Xcode/DerivedData/BedtimeBully-bdqkcvqpqzvlbfarpkjaseieihxp/Build/Intermediates.noindex/BedtimeBully.build/Debug-iphonesimulator/BedtimeBully.build/BedtimeBully.app-Simulated.xcent

ProcessProductPackagingDER /Users/rjs/Library/Developer/Xcode/DerivedData/BedtimeBully-bdqkcvqpqzvlbfarpkjaseieihxp/Build/Intermediates.noindex/BedtimeBully.build/Debug-iphonesimulator/BedtimeBully.build/BedtimeBully.app.xcent /Users/rjs/Library/Developer/Xcode/DerivedData/BedtimeBully-bdqkcvqpqzvlbfarpkjaseieihxp/Build/Intermediates.noindex/BedtimeBully.build/Debug-iphonesimulator/BedtimeBully.build/BedtimeBully.app.xcent.der (in target 'BedtimeBully' from project 'BedtimeBully')
    cd /Users/rjs/dev/BedtimeBully
    /usr/bin/derq query -f xml -i /Users/rjs/Library/Developer/Xcode/DerivedData/BedtimeBully-bdqkcvqpqzvlbfarpkjaseieihxp/Build/Intermediates.noindex/BedtimeBully.build/Debug-iphonesimulator/BedtimeBully.build/BedtimeBully.app.xcent -o /Users/rjs/Library/Developer/Xcode/DerivedData/BedtimeBully-bdqkcvqpqzvlbfarpkjaseieihxp/Build/Intermediates.noindex/BedtimeBully.build/Debug-iphonesimulator/BedtimeBully.build/BedtimeBully.app.xcent.der --raw

ProcessProductPackagingDER /Users/rjs/Library/Developer/Xcode/DerivedData/BedtimeBully-bdqkcvqpqzvlbfarpkjaseieihxp/Build/Intermediates.noindex/BedtimeBully.build/Debug-iphonesimulator/BedtimeBully.build/BedtimeBully.app-Simulated.xcent /Users/rjs/Library/Developer/Xcode/DerivedData/BedtimeBully-bdqkcvqpqzvlbfarpkjaseieihxp/Build/Intermediates.noindex/BedtimeBully.build/Debug-iphonesimulator/BedtimeBully.build/BedtimeBully.app-Simulated.xcent.der (in target 'BedtimeBully' from project 'BedtimeBully')
    cd /Users/rjs/dev/BedtimeBully
    /usr/bin/derq query -f xml -i /Users/rjs/Library/Developer/Xcode/DerivedData/BedtimeBully-bdqkcvqpqzvlbfarpkjaseieihxp/Build/Intermediates.noindex/BedtimeBully.build/Debug-iphonesimulator/BedtimeBully.build/BedtimeBully.app-Simulated.xcent -o /Users/rjs/Library/Developer/Xcode/DerivedData/BedtimeBully-bdqkcvqpqzvlbfarpkjaseieihxp/Build/Intermediates.noindex/BedtimeBully.build/Debug-iphonesimulator/BedtimeBully.build/BedtimeBully.app-Simulated.xcent.der --raw

Ld /Users/rjs/Library/Developer/Xcode/DerivedData/BedtimeBully-bdqkcvqpqzvlbfarpkjaseieihxp/Build/Products/Debug-iphonesimulator/BedtimeBully.app/BedtimeBully normal (in target 'BedtimeBully' from project 'BedtimeBully')
    cd /Users/rjs/dev/BedtimeBully
    /Applications/Xcode.app/Contents/Developer/Toolchains/XcodeDefault.xctoolchain/usr/bin/clang -Xlinker -reproducible -target arm64-apple-ios17.0-simulator -isysroot /Applications/Xcode.app/Contents/Developer/Platforms/iPhoneSimulator.platform/Developer/SDKs/iPhoneSimulator17.5.sdk -O0 -L/Users/rjs/Library/Developer/Xcode/DerivedData/BedtimeBully-bdqkcvqpqzvlbfarpkjaseieihxp/Build/Intermediates.noindex/EagerLinkingTBDs/Debug-iphonesimulator -L/Users/rjs/Library/Developer/Xcode/DerivedData/BedtimeBully-bdqkcvqpqzvlbfarpkjaseieihxp/Build/Products/Debug-iphonesimulator -F/Users/rjs/Library/Developer/Xcode/DerivedData/BedtimeBully-bdqkcvqpqzvlbfarpkjaseieihxp/Build/Intermediates.noindex/EagerLinkingTBDs/Debug-iphonesimulator -F/Users/rjs/Library/Developer/Xcode/DerivedData/BedtimeBully-bdqkcvqpqzvlbfarpkjaseieihxp/Build/Products/Debug-iphonesimulator -filelist /Users/rjs/Library/Developer/Xcode/DerivedData/BedtimeBully-bdqkcvqpqzvlbfarpkjaseieihxp/Build/Intermediates.noindex/BedtimeBully.build/Debug-iphonesimulator/BedtimeBully.build/Objects-normal/arm64/BedtimeBully.LinkFileList -Xlinker -rpath -Xlinker @executable_path/Frameworks -dead_strip -Xlinker -object_path_lto -Xlinker /Users/rjs/Library/Developer/Xcode/DerivedData/BedtimeBully-bdqkcvqpqzvlbfarpkjaseieihxp/Build/Intermediates.noindex/BedtimeBully.build/Debug-iphonesimulator/BedtimeBully.build/Objects-normal/arm64/BedtimeBully_lto.o -Xlinker -export_dynamic -Xlinker -no_deduplicate -Xlinker -objc_abi_version -Xlinker 2 -fobjc-link-runtime -L/Applications/Xcode.app/Contents/Developer/Toolchains/XcodeDefault.xctoolchain/usr/lib/swift/iphonesimulator -L/usr/lib/swift -Xlinker -add_ast_path -Xlinker /Users/rjs/Library/Developer/Xcode/DerivedData/BedtimeBully-bdqkcvqpqzvlbfarpkjaseieihxp/Build/Intermediates.noindex/BedtimeBully.build/Debug-iphonesimulator/BedtimeBully.build/Objects-normal/arm64/BedtimeBully.swiftmodule -Xlinker -sectcreate -Xlinker __TEXT -Xlinker __entitlements -Xlinker /Users/rjs/Library/Developer/Xcode/DerivedData/BedtimeBully-bdqkcvqpqzvlbfarpkjaseieihxp/Build/Intermediates.noindex/BedtimeBully.build/Debug-iphonesimulator/BedtimeBully.build/BedtimeBully.app-Simulated.xcent -Xlinker -sectcreate -Xlinker __TEXT -Xlinker __ents_der -Xlinker /Users/rjs/Library/Developer/Xcode/DerivedData/BedtimeBully-bdqkcvqpqzvlbfarpkjaseieihxp/Build/Intermediates.noindex/BedtimeBully.build/Debug-iphonesimulator/BedtimeBully.build/BedtimeBully.app-Simulated.xcent.der -framework BedtimeBullyData -framework Notifications -Xlinker -no_adhoc_codesign -Xlinker -dependency_info -Xlinker /Users/rjs/Library/Developer/Xcode/DerivedData/BedtimeBully-bdqkcvqpqzvlbfarpkjaseieihxp/Build/Intermediates.noindex/BedtimeBully.build/Debug-iphonesimulator/BedtimeBully.build/Objects-normal/arm64/BedtimeBully_dependency_info.dat -o /Users/rjs/Library/Developer/Xcode/DerivedData/BedtimeBully-bdqkcvqpqzvlbfarpkjaseieihxp/Build/Products/Debug-iphonesimulator/BedtimeBully.app/BedtimeBully

CopySwiftLibs /Users/rjs/Library/Developer/Xcode/DerivedData/BedtimeBully-bdqkcvqpqzvlbfarpkjaseieihxp/Build/Products/Debug-iphonesimulator/BedtimeBully.app (in target 'BedtimeBully' from project 'BedtimeBully')
    cd /Users/rjs/dev/BedtimeBully
    builtin-swiftStdLibTool --copy --verbose --sign - --scan-executable /Users/rjs/Library/Developer/Xcode/DerivedData/BedtimeBully-bdqkcvqpqzvlbfarpkjaseieihxp/Build/Products/Debug-iphonesimulator/BedtimeBully.app/BedtimeBully --scan-folder /Users/rjs/Library/Developer/Xcode/DerivedData/BedtimeBully-bdqkcvqpqzvlbfarpkjaseieihxp/Build/Products/Debug-iphonesimulator/BedtimeBully.app/Frameworks --scan-folder /Users/rjs/Library/Developer/Xcode/DerivedData/BedtimeBully-bdqkcvqpqzvlbfarpkjaseieihxp/Build/Products/Debug-iphonesimulator/BedtimeBully.app/PlugIns --scan-folder /Users/rjs/Library/Developer/Xcode/DerivedData/BedtimeBully-bdqkcvqpqzvlbfarpkjaseieihxp/Build/Products/Debug-iphonesimulator/BedtimeBully.app/SystemExtensions --scan-folder /Users/rjs/Library/Developer/Xcode/DerivedData/BedtimeBully-bdqkcvqpqzvlbfarpkjaseieihxp/Build/Products/Debug-iphonesimulator/BedtimeBully.app/Extensions --scan-folder /Users/rjs/Library/Developer/Xcode/DerivedData/BedtimeBully-bdqkcvqpqzvlbfarpkjaseieihxp/Build/Products/Debug-iphonesimulator/BedtimeBullyData.framework --scan-folder /Users/rjs/Library/Developer/Xcode/DerivedData/BedtimeBully-bdqkcvqpqzvlbfarpkjaseieihxp/Build/Products/Debug-iphonesimulator/Notifications.framework --platform iphonesimulator --toolchain /Applications/Xcode.app/Contents/Developer/Toolchains/XcodeDefault.xctoolchain --destination /Users/rjs/Library/Developer/Xcode/DerivedData/BedtimeBully-bdqkcvqpqzvlbfarpkjaseieihxp/Build/Products/Debug-iphonesimulator/BedtimeBully.app/Frameworks --strip-bitcode --strip-bitcode-tool /Applications/Xcode.app/Contents/Developer/Toolchains/XcodeDefault.xctoolchain/usr/bin/bitcode_strip --emit-dependency-info /Users/rjs/Library/Developer/Xcode/DerivedData/BedtimeBully-bdqkcvqpqzvlbfarpkjaseieihxp/Build/Intermediates.noindex/BedtimeBully.build/Debug-iphonesimulator/BedtimeBully.build/SwiftStdLibToolInputDependencies.dep --filter-for-swift-os

ExtractAppIntentsMetadata (in target 'BedtimeBully' from project 'BedtimeBully')
    cd /Users/rjs/dev/BedtimeBully
    /Applications/Xcode.app/Contents/Developer/Toolchains/XcodeDefault.xctoolchain/usr/bin/appintentsmetadataprocessor --output /Users/rjs/Library/Developer/Xcode/DerivedData/BedtimeBully-bdqkcvqpqzvlbfarpkjaseieihxp/Build/Products/Debug-iphonesimulator/BedtimeBully.app --toolchain-dir /Applications/Xcode.app/Contents/Developer/Toolchains/XcodeDefault.xctoolchain --module-name BedtimeBully --sdk-root /Applications/Xcode.app/Contents/Developer/Platforms/iPhoneSimulator.platform/Developer/SDKs/iPhoneSimulator17.5.sdk --xcode-version 15F31d --platform-family iOS --deployment-target 17.0 --target-triple arm64-apple-ios17.0-simulator --binary-file /Users/rjs/Library/Developer/Xcode/DerivedData/BedtimeBully-bdqkcvqpqzvlbfarpkjaseieihxp/Build/Products/Debug-iphonesimulator/BedtimeBully.app/BedtimeBully --dependency-file /Users/rjs/Library/Developer/Xcode/DerivedData/BedtimeBully-bdqkcvqpqzvlbfarpkjaseieihxp/Build/Intermediates.noindex/BedtimeBully.build/Debug-iphonesimulator/BedtimeBully.build/Objects-normal/arm64/BedtimeBully_dependency_info.dat --stringsdata-file /Users/rjs/Library/Developer/Xcode/DerivedData/BedtimeBully-bdqkcvqpqzvlbfarpkjaseieihxp/Build/Intermediates.noindex/BedtimeBully.build/Debug-iphonesimulator/BedtimeBully.build/Objects-normal/arm64/ExtractedAppShortcutsMetadata.stringsdata --source-file-list /Users/rjs/Library/Developer/Xcode/DerivedData/BedtimeBully-bdqkcvqpqzvlbfarpkjaseieihxp/Build/Intermediates.noindex/BedtimeBully.build/Debug-iphonesimulator/BedtimeBully.build/Objects-normal/arm64/BedtimeBully.SwiftFileList --swift-const-vals-list /Users/rjs/Library/Developer/Xcode/DerivedData/BedtimeBully-bdqkcvqpqzvlbfarpkjaseieihxp/Build/Intermediates.noindex/BedtimeBully.build/Debug-iphonesimulator/BedtimeBully.build/Objects-normal/arm64/BedtimeBully.SwiftConstValuesFileList --compile-time-extraction --deployment-aware-processing
note: Metadata extraction skipped. No AppIntents.framework dependency found. (in target 'BedtimeBully' from project 'BedtimeBully')

ProcessInfoPlistFile /Users/rjs/Library/Developer/Xcode/DerivedData/BedtimeBully-bdqkcvqpqzvlbfarpkjaseieihxp/Build/Products/Debug-iphonesimulator/BedtimeBully.app/Info.plist /Users/rjs/dev/BedtimeBully/Derived/InfoPlists/BedtimeBully-Info.plist (in target 'BedtimeBully' from project 'BedtimeBully')
    cd /Users/rjs/dev/BedtimeBully
    builtin-infoPlistUtility /Users/rjs/dev/BedtimeBully/Derived/InfoPlists/BedtimeBully-Info.plist -producttype com.apple.product-type.application -genpkginfo /Users/rjs/Library/Developer/Xcode/DerivedData/BedtimeBully-bdqkcvqpqzvlbfarpkjaseieihxp/Build/Products/Debug-iphonesimulator/BedtimeBully.app/PkgInfo -expandbuildsettings -format binary -platform iphonesimulator -additionalcontentfile /Users/rjs/Library/Developer/Xcode/DerivedData/BedtimeBully-bdqkcvqpqzvlbfarpkjaseieihxp/Build/Intermediates.noindex/BedtimeBully.build/Debug-iphonesimulator/BedtimeBully.build/LaunchScreen-SBPartialInfo.plist -additionalcontentfile /Users/rjs/Library/Developer/Xcode/DerivedData/BedtimeBully-bdqkcvqpqzvlbfarpkjaseieihxp/Build/Intermediates.noindex/BedtimeBully.build/Debug-iphonesimulator/BedtimeBully.build/assetcatalog_generated_info.plist -scanforprivacyfile /Users/rjs/Library/Developer/Xcode/DerivedData/BedtimeBully-bdqkcvqpqzvlbfarpkjaseieihxp/Build/Products/Debug-iphonesimulator/BedtimeBully.app/Frameworks/BedtimeBullyData.framework -scanforprivacyfile /Users/rjs/Library/Developer/Xcode/DerivedData/BedtimeBully-bdqkcvqpqzvlbfarpkjaseieihxp/Build/Products/Debug-iphonesimulator/BedtimeBully.app/Frameworks/Notifications.framework -o /Users/rjs/Library/Developer/Xcode/DerivedData/BedtimeBully-bdqkcvqpqzvlbfarpkjaseieihxp/Build/Products/Debug-iphonesimulator/BedtimeBully.app/Info.plist

CodeSign /Users/rjs/Library/Developer/Xcode/DerivedData/BedtimeBully-bdqkcvqpqzvlbfarpkjaseieihxp/Build/Products/Debug-iphonesimulator/BedtimeBully.app (in target 'BedtimeBully' from project 'BedtimeBully')
    cd /Users/rjs/dev/BedtimeBully
    
    Signing Identity:     "-"
    
    /usr/bin/codesign --force --sign - --entitlements /Users/rjs/Library/Developer/Xcode/DerivedData/BedtimeBully-bdqkcvqpqzvlbfarpkjaseieihxp/Build/Intermediates.noindex/BedtimeBully.build/Debug-iphonesimulator/BedtimeBully.build/BedtimeBully.app.xcent --timestamp\=none --generate-entitlement-der /Users/rjs/Library/Developer/Xcode/DerivedData/BedtimeBully-bdqkcvqpqzvlbfarpkjaseieihxp/Build/Products/Debug-iphonesimulator/BedtimeBully.app

Validate /Users/rjs/Library/Developer/Xcode/DerivedData/BedtimeBully-bdqkcvqpqzvlbfarpkjaseieihxp/Build/Products/Debug-iphonesimulator/BedtimeBully.app (in target 'BedtimeBully' from project 'BedtimeBully')
    cd /Users/rjs/dev/BedtimeBully
    builtin-validationUtility /Users/rjs/Library/Developer/Xcode/DerivedData/BedtimeBully-bdqkcvqpqzvlbfarpkjaseieihxp/Build/Products/Debug-iphonesimulator/BedtimeBully.app

note: Removed stale file '/Users/rjs/Library/Developer/Xcode/DerivedData/BedtimeBully-bdqkcvqpqzvlbfarpkjaseieihxp/Build/Products/Debug-iphonesimulator/BedtimeBully.app/Frameworks/XCTAutomationSupport.framework'

note: Removed stale file '/Users/rjs/Library/Developer/Xcode/DerivedData/BedtimeBully-bdqkcvqpqzvlbfarpkjaseieihxp/Build/Products/Debug-iphonesimulator/BedtimeBully.app/Frameworks/XCTest.framework'

note: Removed stale file '/Users/rjs/Library/Developer/Xcode/DerivedData/BedtimeBully-bdqkcvqpqzvlbfarpkjaseieihxp/Build/Products/Debug-iphonesimulator/BedtimeBully.app/Frameworks/XCTestCore.framework'

note: Removed stale file '/Users/rjs/Library/Developer/Xcode/DerivedData/BedtimeBully-bdqkcvqpqzvlbfarpkjaseieihxp/Build/Products/Debug-iphonesimulator/BedtimeBully.app/Frameworks/XCTestSupport.framework'

note: Removed stale file '/Users/rjs/Library/Developer/Xcode/DerivedData/BedtimeBully-bdqkcvqpqzvlbfarpkjaseieihxp/Build/Products/Debug-iphonesimulator/BedtimeBully.app/Frameworks/XCUIAutomation.framework'

note: Removed stale file '/Users/rjs/Library/Developer/Xcode/DerivedData/BedtimeBully-bdqkcvqpqzvlbfarpkjaseieihxp/Build/Products/Debug-iphonesimulator/BedtimeBully.app/Frameworks/XCUnit.framework'

note: Removed stale file '/Users/rjs/Library/Developer/Xcode/DerivedData/BedtimeBully-bdqkcvqpqzvlbfarpkjaseieihxp/Build/Products/Debug-iphonesimulator/BedtimeBully.app/Frameworks/libXCTestBundleInject.dylib'

note: Removed stale file '/Users/rjs/Library/Developer/Xcode/DerivedData/BedtimeBully-bdqkcvqpqzvlbfarpkjaseieihxp/Build/Products/Debug-iphonesimulator/BedtimeBully.app/Frameworks/libXCTestSwiftSupport.dylib'

** BUILD SUCCEEDED **


